# JRE version: OpenJDK Runtime Environment (11.0.8+10) (build 11.0.8+10-b944.6842174)
# Java VM: OpenJDK 64-Bit Server VM (11.0.8+10-b944.6842174, mixed mode, tiered, compressed oops, g1 gc, windows-amd64)
Heap:
 garbage-first heap   total 129024K, used 91645K [0x0000000080000000, 0x0000000100000000)
  region size 1024K, 41 young (41984K), 1 survivors (1024K)
 Metaspace       used 61814K, capacity 63375K, committed 63612K, reserved 1103872K
  class space    used 7818K, capacity 8345K, committed 8448K, reserved 1048576K
GC Heap History (20 events):
Event: 2.641 GC heap before
{Heap before GC invocations=2 (full 0):
 garbage-first heap   total 129024K, used 36474K [0x0000000080000000, 0x0000000100000000)
  region size 1024K, 29 young (29696K), 1 survivors (1024K)
 Metaspace       used 11026K, capacity 11324K, committed 11520K, reserved 1058816K
  class space    used 1146K, capacity 1201K, committed 1280K, reserved 1048576K
}
Event: 2.646 GC heap after
{Heap after GC invocations=3 (full 0):
 garbage-first heap   total 129024K, used 13244K [0x0000000080000000, 0x0000000100000000)
  region size 1024K, 4 young (4096K), 4 survivors (4096K)
 Metaspace       used 11026K, capacity 11324K, committed 11520K, reserved 1058816K
  class space    used 1146K, capacity 1201K, committed 1280K, reserved 1048576K
}
Event: 7.554 GC heap before
{Heap before GC invocations=3 (full 0):
 garbage-first heap   total 129024K, used 55228K [0x0000000080000000, 0x0000000100000000)
  region size 1024K, 45 young (46080K), 4 survivors (4096K)
 Metaspace       used 18951K, capacity 19393K, committed 19584K, reserved 1067008K
  class space    used 2282K, capacity 2394K, committed 2432K, reserved 1048576K
}
Event: 7.569 GC heap after
{Heap after GC invocations=4 (full 0):
 garbage-first heap   total 129024K, used 16018K [0x0000000080000000, 0x0000000100000000)
  region size 1024K, 3 young (3072K), 3 survivors (3072K)
 Metaspace       used 18951K, capacity 19393K, committed 19584K, reserved 1067008K
  class space    used 2282K, capacity 2394K, committed 2432K, reserved 1048576K
}
Event: 8.271 GC heap before
{Heap before GC invocations=4 (full 0):
 garbage-first heap   total 129024K, used 28306K [0x0000000080000000, 0x0000000100000000)
  region size 1024K, 16 young (16384K), 3 survivors (3072K)
 Metaspace       used 20615K, capacity 21131K, committed 21296K, reserved 1069056K
  class space    used 2519K, capacity 2680K, committed 2688K, reserved 1048576K
}
Event: 8.279 GC heap after
{Heap after GC invocations=5 (full 0):
 garbage-first heap   total 129024K, used 16615K [0x0000000080000000, 0x0000000100000000)
  region size 1024K, 4 young (4096K), 4 survivors (4096K)
 Metaspace       used 20615K, capacity 21131K, committed 21296K, reserved 1069056K
  class space    used 2519K, capacity 2680K, committed 2688K, reserved 1048576K
}
Event: 11.525 GC heap before
{Heap before GC invocations=6 (full 0):
 garbage-first heap   total 129024K, used 64743K [0x0000000080000000, 0x0000000100000000)
  region size 1024K, 51 young (52224K), 4 survivors (4096K)
 Metaspace       used 25947K, capacity 26569K, committed 26928K, reserved 1073152K
  class space    used 3380K, capacity 3602K, committed 3712K, reserved 1048576K
}
Event: 11.533 GC heap after
{Heap after GC invocations=7 (full 0):
 garbage-first heap   total 129024K, used 18436K [0x0000000080000000, 0x0000000100000000)
  region size 1024K, 6 young (6144K), 6 survivors (6144K)
 Metaspace       used 25947K, capacity 26569K, committed 26928K, reserved 1073152K
  class space    used 3380K, capacity 3602K, committed 3712K, reserved 1048576K
}
Event: 15.422 GC heap before
{Heap before GC invocations=7 (full 0):
 garbage-first heap   total 129024K, used 68612K [0x0000000080000000, 0x0000000100000000)
  region size 1024K, 56 young (57344K), 6 survivors (6144K)
 Metaspace       used 34924K, capacity 35634K, committed 35708K, reserved 1081344K
  class space    used 4534K, capacity 4817K, committed 4864K, reserved 1048576K
}
Event: 15.438 GC heap after
{Heap after GC invocations=8 (full 0):
 garbage-first heap   total 129024K, used 21741K [0x0000000080000000, 0x0000000100000000)
  region size 1024K, 6 young (6144K), 6 survivors (6144K)
 Metaspace       used 34924K, capacity 35634K, committed 35708K, reserved 1081344K
  class space    used 4534K, capacity 4817K, committed 4864K, reserved 1048576K
}
Event: 18.077 GC heap before
{Heap before GC invocations=9 (full 0):
 garbage-first heap   total 129024K, used 92397K [0x0000000080000000, 0x0000000100000000)
  region size 1024K, 72 young (73728K), 6 survivors (6144K)
 Metaspace       used 41260K, capacity 42210K, committed 42364K, reserved 1085440K
  class space    used 5268K, capacity 5574K, committed 5632K, reserved 1048576K
}
Event: 18.097 GC heap after
{Heap after GC invocations=10 (full 0):
 garbage-first heap   total 129024K, used 25819K [0x0000000080000000, 0x0000000100000000)
  region size 1024K, 8 young (8192K), 8 survivors (8192K)
 Metaspace       used 41260K, capacity 42210K, committed 42364K, reserved 1085440K
  class space    used 5268K, capacity 5574K, committed 5632K, reserved 1048576K
}
Event: 21.939 GC heap before
{Heap before GC invocations=10 (full 0):
 garbage-first heap   total 129024K, used 89307K [0x0000000080000000, 0x0000000100000000)
  region size 1024K, 71 young (72704K), 8 survivors (8192K)
 Metaspace       used 44620K, capacity 45645K, committed 45948K, reserved 1089536K
  class space    used 5698K, capacity 6060K, committed 6144K, reserved 1048576K
}
Event: 21.954 GC heap after
{Heap after GC invocations=11 (full 0):
 garbage-first heap   total 129024K, used 29920K [0x0000000080000000, 0x0000000100000000)
  region size 1024K, 9 young (9216K), 9 survivors (9216K)
 Metaspace       used 44620K, capacity 45645K, committed 45948K, reserved 1089536K
  class space    used 5698K, capacity 6060K, committed 6144K, reserved 1048576K
}
Event: 25.820 GC heap before
{Heap before GC invocations=11 (full 0):
 garbage-first heap   total 129024K, used 100576K [0x0000000080000000, 0x0000000100000000)
  region size 1024K, 72 young (73728K), 9 survivors (9216K)
 Metaspace       used 51048K, capacity 52282K, committed 52348K, reserved 1095680K
  class space    used 6463K, capacity 6871K, committed 6912K, reserved 1048576K
}
Event: 25.837 GC heap after
{Heap after GC invocations=12 (full 0):
 garbage-first heap   total 129024K, used 45027K [0x0000000080000000, 0x0000000100000000)
  region size 1024K, 9 young (9216K), 9 survivors (9216K)
 Metaspace       used 51048K, capacity 52282K, committed 52348K, reserved 1095680K
  class space    used 6463K, capacity 6871K, committed 6912K, reserved 1048576K
}
Event: 28.494 GC heap before
{Heap before GC invocations=12 (full 0):
 garbage-first heap   total 129024K, used 96227K [0x0000000080000000, 0x0000000100000000)
  region size 1024K, 59 young (60416K), 9 survivors (9216K)
 Metaspace       used 57670K, capacity 59143K, committed 59260K, reserved 1101824K
  class space    used 7321K, capacity 7843K, committed 7936K, reserved 1048576K
}
Event: 28.508 GC heap after
{Heap after GC invocations=13 (full 0):
 garbage-first heap   total 129024K, used 49792K [0x0000000080000000, 0x0000000100000000)
  region size 1024K, 5 young (5120K), 5 survivors (5120K)
 Metaspace       used 57670K, capacity 59143K, committed 59260K, reserved 1101824K
  class space    used 7321K, capacity 7843K, committed 7936K, reserved 1048576K
}
Event: 28.771 GC heap before
{Heap before GC invocations=13 (full 0):
 garbage-first heap   total 129024K, used 56960K [0x0000000080000000, 0x0000000100000000)
  region size 1024K, 13 young (13312K), 5 survivors (5120K)
 Metaspace       used 58416K, capacity 59878K, committed 59940K, reserved 1101824K
  class space    used 7407K, capacity 7916K, committed 7936K, reserved 1048576K
}
Event: 28.780 GC heap after
{Heap after GC invocations=14 (full 0):
 garbage-first heap   total 129024K, used 50685K [0x0000000080000000, 0x0000000100000000)
  region size 1024K, 1 young (1024K), 1 survivors (1024K)
 Metaspace       used 58416K, capacity 59878K, committed 59940K, reserved 1101824K
  class space    used 7407K, capacity 7916K, committed 7936K, reserved 1048576K
}

